2022-11-03 21:58:24.267 - INFO - 7068 - azureml.train.automl._experiment_drivers.driver_utilities.modify_run_configuration:224 - Package azureml-train-automl missing from dependencies file.
2022-11-03 21:58:24.268 - INFO - 7068 - azureml.train.automl._experiment_drivers.driver_utilities.modify_run_configuration:230 - Using pinned version: azureml-train-automl==1.47.0.*
2022-11-03 21:58:24.268 - INFO - 7068 - azureml.train.automl._experiment_drivers.driver_utilities.modify_run_configuration:224 - Package pandas missing from dependencies file.
2022-11-03 21:58:24.268 - INFO - 7068 - azureml.train.automl._experiment_drivers.driver_utilities.modify_run_configuration:230 - Using pinned version: pandas==1.1.5
2022-11-03 21:58:24.269 - INFO - 7068 - azureml.train.automl._experiment_drivers.driver_utilities.modify_run_configuration:224 - Package psutil missing from dependencies file.
2022-11-03 21:58:24.269 - INFO - 7068 - azureml.train.automl._experiment_drivers.driver_utilities.modify_run_configuration:230 - Using pinned version: psutil>5.0.0,<6.0.0
2022-11-03 21:58:24.269 - INFO - 7068 - azureml.train.automl._experiment_drivers.driver_utilities.modify_run_configuration:224 - Package scikit-learn missing from dependencies file.
2022-11-03 21:58:24.269 - INFO - 7068 - azureml.train.automl._experiment_drivers.driver_utilities.modify_run_configuration:230 - Using pinned version: scikit-learn==0.22.1
2022-11-03 21:58:24.270 - INFO - 7068 - azureml.train.automl._experiment_drivers.driver_utilities.modify_run_configuration:224 - Package numpy missing from dependencies file.
2022-11-03 21:58:24.270 - INFO - 7068 - azureml.train.automl._experiment_drivers.driver_utilities.modify_run_configuration:230 - Using pinned version: numpy~=1.18.0
2022-11-03 21:58:24.270 - INFO - 7068 - azureml.train.automl._experiment_drivers.driver_utilities.modify_run_configuration:224 - Package py-xgboost missing from dependencies file.
2022-11-03 21:58:24.271 - INFO - 7068 - azureml.train.automl._experiment_drivers.driver_utilities.modify_run_configuration:230 - Using pinned version: py-xgboost==1.3.3
2022-11-03 21:58:24.271 - INFO - 7068 - azureml.train.automl._experiment_drivers.driver_utilities.modify_run_configuration:224 - Package inference-schema missing from dependencies file.
2022-11-03 21:58:24.271 - INFO - 7068 - azureml.train.automl._experiment_drivers.driver_utilities.modify_run_configuration:224 - Package fbprophet missing from dependencies file.
2022-11-03 21:58:24.271 - INFO - 7068 - azureml.train.automl._experiment_drivers.driver_utilities.modify_run_configuration:230 - Using pinned version: fbprophet==0.7.1
2022-11-03 21:58:24.272 - INFO - 7068 - azureml.train.automl._experiment_drivers.driver_utilities.modify_run_configuration:224 - Package holidays missing from dependencies file.
2022-11-03 21:58:24.272 - INFO - 7068 - azureml.train.automl._experiment_drivers.driver_utilities.modify_run_configuration:230 - Using pinned version: holidays==0.10.3
2022-11-03 21:58:24.272 - INFO - 7068 - azureml.train.automl._experiment_drivers.driver_utilities.modify_run_configuration:224 - Package joblib missing from dependencies file.
2022-11-03 21:58:24.274 - INFO - 7068 - azureml.train.automl._experiment_drivers.driver_utilities.modify_run_configuration:230 - Using pinned version: joblib==0.14.1
2022-11-03 21:58:24.275 - INFO - 7068 - azureml.train.automl._experiment_drivers.driver_utilities.modify_run_configuration:224 - Package pystan missing from dependencies file.
2022-11-03 21:58:24.275 - INFO - 7068 - azureml.train.automl._experiment_drivers.driver_utilities.modify_run_configuration:230 - Using pinned version: pystan==2.19.1.1
2022-11-03 21:58:24.275 - INFO - 7068 - azureml.train.automl._experiment_drivers.driver_utilities.modify_run_configuration:224 - Package setuptools-git missing from dependencies file.
2022-11-03 21:58:24.275 - INFO - 7068 - azureml.train.automl._experiment_drivers.driver_utilities.modify_run_configuration:224 - Package urllib3 missing from dependencies file.
2022-11-03 21:58:24.275 - INFO - 7068 - azureml.train.automl._experiment_drivers.driver_utilities.modify_run_configuration:234 - Using installed version: urllib3==1.26.11
2022-11-03 21:58:24.275 - INFO - 7068 - azureml.train.automl._experiment_drivers.driver_utilities.modify_run_configuration:224 - Package azure-core missing from dependencies file.
2022-11-03 21:58:24.276 - INFO - 7068 - azureml.train.automl._experiment_drivers.driver_utilities.modify_run_configuration:234 - Using installed version: azure-core==1.26.0
2022-11-03 21:58:24.278 - INFO - 7068 - azureml.automl.core.dataset_utilities._save_datasets_to_json:255 - JSON serialization of input of type <class 'NoneType'> is un-supported.
2022-11-03 21:58:24.278 - INFO - 7068 - azureml.automl.core.dataset_utilities._save_datasets_to_json:255 - JSON serialization of input of type <class 'NoneType'> is un-supported.
2022-11-03 21:58:24.279 - INFO - 7068 - azureml.train.automl._experiment_drivers.driver_utilities.validate_input:124 - Start data validation.
2022-11-03 21:58:26.305 - INFO - 7068 - azureml.train.automl._experiment_drivers.driver_utilities.validate_input:137 - Validation service found the data has no errors.
2022-11-03 21:58:26.305 - INFO - 7068 - azureml.train.automl._experiment_drivers.driver_utilities.create_remote_parent_run:381 - Start creating parent run.
2022-11-03 21:58:28.101 - INFO - 7068 - azureml.train.automl._experiment_drivers.driver_utilities.create_remote_parent_run:401 - [ParentRunID:AutoML_821a400b-4034-4d54-92e9-bfb3f9400860] Remote run using input X and y.
2022-11-03 21:58:30.820 - INFO - 7068 - azureml.train.automl._experiment_drivers.driver_utilities.start_remote_run:336 - Starting a snapshot run (snapshot_id : None)
